# JRE version: OpenJDK Runtime Environment (8.0_76-b03) (build 1.8.0_76-release-b03)
# Java VM: OpenJDK 64-Bit Server VM (25.76-b03 mixed mode windows-amd64 compressed oops)
Heap:
 PSYoungGen      total 110592K, used 7440K [0x00000000eab00000, 0x00000000f4f00000, 0x0000000100000000)
  eden space 98816K, 7% used [0x00000000eab00000,0x00000000eb244158,0x00000000f0b80000)
  from space 11776K, 0% used [0x00000000f0b80000,0x00000000f0b80000,0x00000000f1700000)
  to   space 12288K, 0% used [0x00000000f4300000,0x00000000f4300000,0x00000000f4f00000)
 ParOldGen       total 91136K, used 17222K [0x00000000c0000000, 0x00000000c5900000, 0x00000000eab00000)
  object space 91136K, 18% used [0x00000000c0000000,0x00000000c10d1b30,0x00000000c5900000)
 Metaspace       used 35037K, capacity 35772K, committed 35888K, reserved 1081344K
  class space    used 4658K, capacity 4879K, committed 4912K, reserved 1048576K
GC Heap History (10 events):
Event: 16.261 GC heap before
{Heap before GC invocations=5 (full 1):
 PSYoungGen      total 71680K, used 5112K [0x00000000eab00000, 0x00000000ef600000, 0x0000000100000000)
  eden space 66560K, 0% used [0x00000000eab00000,0x00000000eab00000,0x00000000eec00000)
  from space 5120K, 99% used [0x00000000ef100000,0x00000000ef5fe030,0x00000000ef600000)
  to   space 5120K, 0% used [0x00000000eec00000,0x00000000eec00000,0x00000000ef100000)
 ParOldGen       total 87552K, used 8834K [0x00000000c0000000, 0x00000000c5580000, 0x00000000eab00000)
  object space 87552K, 10% used [0x00000000c0000000,0x00000000c08a0a78,0x00000000c5580000)
 Metaspace       used 20831K, capacity 21286K, committed 21296K, reserved 1067008K
  class space    used 2718K, capacity 2854K, committed 2864K, reserved 1048576K
Event: 17.920 GC heap after
Heap after GC invocations=5 (full 1):
 PSYoungGen      total 71680K, used 0K [0x00000000eab00000, 0x00000000ef600000, 0x0000000100000000)
  eden space 66560K, 0% used [0x00000000eab00000,0x00000000eab00000,0x00000000eec00000)
  from space 5120K, 0% used [0x00000000ef100000,0x00000000ef100000,0x00000000ef600000)
  to   space 5120K, 0% used [0x00000000eec00000,0x00000000eec00000,0x00000000ef100000)
 ParOldGen       total 66560K, used 12581K [0x00000000c0000000, 0x00000000c4100000, 0x00000000eab00000)
  object space 66560K, 18% used [0x00000000c0000000,0x00000000c0c495d8,0x00000000c4100000)
 Metaspace       used 20831K, capacity 21286K, committed 21296K, reserved 1067008K
  class space    used 2718K, capacity 2854K, committed 2864K, reserved 1048576K
}
Event: 21.802 GC heap before
{Heap before GC invocations=6 (full 1):
 PSYoungGen      total 71680K, used 66560K [0x00000000eab00000, 0x00000000ef600000, 0x0000000100000000)
  eden space 66560K, 100% used [0x00000000eab00000,0x00000000eec00000,0x00000000eec00000)
  from space 5120K, 0% used [0x00000000ef100000,0x00000000ef100000,0x00000000ef600000)
  to   space 5120K, 0% used [0x00000000eec00000,0x00000000eec00000,0x00000000ef100000)
 ParOldGen       total 66560K, used 12581K [0x00000000c0000000, 0x00000000c4100000, 0x00000000eab00000)
  object space 66560K, 18% used [0x00000000c0000000,0x00000000c0c495d8,0x00000000c4100000)
 Metaspace       used 26820K, capacity 27378K, committed 27568K, reserved 1073152K
  class space    used 3581K, capacity 3746K, committed 3760K, reserved 1048576K
Event: 22.051 GC heap after
Heap after GC invocations=6 (full 1):
 PSYoungGen      total 71680K, used 5110K [0x00000000eab00000, 0x00000000f2500000, 0x0000000100000000)
  eden space 66560K, 0% used [0x00000000eab00000,0x00000000eab00000,0x00000000eec00000)
  from space 5120K, 99% used [0x00000000eec00000,0x00000000ef0fd8f0,0x00000000ef100000)
  to   space 11776K, 0% used [0x00000000f1980000,0x00000000f1980000,0x00000000f2500000)
 ParOldGen       total 66560K, used 16674K [0x00000000c0000000, 0x00000000c4100000, 0x00000000eab00000)
  object space 66560K, 25% used [0x00000000c0000000,0x00000000c1048a68,0x00000000c4100000)
 Metaspace       used 26820K, capacity 27378K, committed 27568K, reserved 1073152K
  class space    used 3581K, capacity 3746K, committed 3760K, reserved 1048576K
}
Event: 25.936 GC heap before
{Heap before GC invocations=7 (full 1):
 PSYoungGen      total 71680K, used 71670K [0x00000000eab00000, 0x00000000f2500000, 0x0000000100000000)
  eden space 66560K, 100% used [0x00000000eab00000,0x00000000eec00000,0x00000000eec00000)
  from space 5120K, 99% used [0x00000000eec00000,0x00000000ef0fd8f0,0x00000000ef100000)
  to   space 11776K, 0% used [0x00000000f1980000,0x00000000f1980000,0x00000000f2500000)
 ParOldGen       total 66560K, used 16674K [0x00000000c0000000, 0x00000000c4100000, 0x00000000eab00000)
  object space 66560K, 25% used [0x00000000c0000000,0x00000000c1048a68,0x00000000c4100000)
 Metaspace       used 30624K, capacity 31216K, committed 31536K, reserved 1077248K
  class space    used 4136K, capacity 4295K, committed 4400K, reserved 1048576K
Event: 26.065 GC heap after
Heap after GC invocations=7 (full 1):
 PSYoungGen      total 107520K, used 8712K [0x00000000eab00000, 0x00000000f2280000, 0x0000000100000000)
  eden space 98304K, 0% used [0x00000000eab00000,0x00000000eab00000,0x00000000f0b00000)
  from space 9216K, 94% used [0x00000000f1980000,0x00000000f22020a8,0x00000000f2280000)
  to   space 11776K, 0% used [0x00000000f0b80000,0x00000000f0b80000,0x00000000f1700000)
 ParOldGen       total 66560K, used 16674K [0x00000000c0000000, 0x00000000c4100000, 0x00000000eab00000)
  object space 66560K, 25% used [0x00000000c0000000,0x00000000c1048a68,0x00000000c4100000)
 Metaspace       used 30624K, capacity 31216K, committed 31536K, reserved 1077248K
  class space    used 4136K, capacity 4295K, committed 4400K, reserved 1048576K
}
Event: 32.885 GC heap before
{Heap before GC invocations=8 (full 1):
 PSYoungGen      total 107520K, used 90586K [0x00000000eab00000, 0x00000000f2280000, 0x0000000100000000)
  eden space 98304K, 83% used [0x00000000eab00000,0x00000000efaf4940,0x00000000f0b00000)
  from space 9216K, 94% used [0x00000000f1980000,0x00000000f22020a8,0x00000000f2280000)
  to   space 11776K, 0% used [0x00000000f0b80000,0x00000000f0b80000,0x00000000f1700000)
 ParOldGen       total 66560K, used 16674K [0x00000000c0000000, 0x00000000c4100000, 0x00000000eab00000)
  object space 66560K, 25% used [0x00000000c0000000,0x00000000c1048a68,0x00000000c4100000)
 Metaspace       used 34651K, capacity 35344K, committed 35496K, reserved 1079296K
  class space    used 4590K, capacity 4822K, committed 4912K, reserved 1048576K
Event: 33.338 GC heap after
Heap after GC invocations=8 (full 1):
 PSYoungGen      total 110592K, used 9827K [0x00000000eab00000, 0x00000000f4f00000, 0x0000000100000000)
  eden space 98816K, 0% used [0x00000000eab00000,0x00000000eab00000,0x00000000f0b80000)
  from space 11776K, 83% used [0x00000000f0b80000,0x00000000f1518f30,0x00000000f1700000)
  to   space 12288K, 0% used [0x00000000f4300000,0x00000000f4300000,0x00000000f4f00000)
 ParOldGen       total 66560K, used 16682K [0x00000000c0000000, 0x00000000c4100000, 0x00000000eab00000)
  object space 66560K, 25% used [0x00000000c0000000,0x00000000c104aa68,0x00000000c4100000)
 Metaspace       used 34651K, capacity 35344K, committed 35496K, reserved 1079296K
  class space    used 4590K, capacity 4822K, committed 4912K, reserved 1048576K
}
Event: 33.338 GC heap before
{Heap before GC invocations=9 (full 2):
 PSYoungGen      total 110592K, used 9827K [0x00000000eab00000, 0x00000000f4f00000, 0x0000000100000000)
  eden space 98816K, 0% used [0x00000000eab00000,0x00000000eab00000,0x00000000f0b80000)
  from space 11776K, 83% used [0x00000000f0b80000,0x00000000f1518f30,0x00000000f1700000)
  to   space 12288K, 0% used [0x00000000f4300000,0x00000000f4300000,0x00000000f4f00000)
 ParOldGen       total 66560K, used 16682K [0x00000000c0000000, 0x00000000c4100000, 0x00000000eab00000)
  object space 66560K, 25% used [0x00000000c0000000,0x00000000c104aa68,0x00000000c4100000)
 Metaspace       used 34651K, capacity 35344K, committed 35496K, reserved 1079296K
  class space    used 4590K, capacity 4822K, committed 4912K, reserved 1048576K
Event: 33.565 GC heap after
Heap after GC invocations=9 (full 2):
 PSYoungGen      total 110592K, used 0K [0x00000000eab00000, 0x00000000f4f00000, 0x0000000100000000)
  eden space 98816K, 0% used [0x00000000eab00000,0x00000000eab00000,0x00000000f0b80000)
  from space 11776K, 0% used [0x00000000f0b80000,0x00000000f0b80000,0x00000000f1700000)
  to   space 12288K, 0% used [0x00000000f4300000,0x00000000f4300000,0x00000000f4f00000)
 ParOldGen       total 91136K, used 17222K [0x00000000c0000000, 0x00000000c5900000, 0x00000000eab00000)
  object space 91136K, 18% used [0x00000000c0000000,0x00000000c10d1b30,0x00000000c5900000)
 Metaspace       used 34600K, capacity 35218K, committed 35496K, reserved 1079296K
  class space    used 4576K, capacity 4780K, committed 4912K, reserved 1048576K
}

